
*** Running vivado
    with args -log seven_segment_chaser.vds -m64 -product Vivado -mode batch -messageDb vivado.pb -notrace -source seven_segment_chaser.tcl


ECHO is off.
ECHO is off.

****** Vivado v2023.2 (64-bit)
  **** SW Build 4029153 on Fri Oct 13 20:14:34 MDT 2023
  **** IP Build 4028589 on Sat Oct 14 00:45:43 MDT 2023
  **** SharedData Build 4025554 on Tue Oct 10 17:18:54 MDT 2023
    ** Copyright 1986-2022 Xilinx, Inc. All Rights Reserved.
    ** Copyright 2022-2023 Advanced Micro Devices, Inc. All Rights Reserved.

source seven_segment_chaser.tcl -notrace
create_project: Time (s): cpu = 00:00:03 ; elapsed = 00:00:11 . Memory (MB): peak = 484.574 ; gain = 181.156
Command: read_checkpoint -auto_incremental -incremental C:/Users/tyler/Documents/Basys-3-Projects/seven_segment_chaser/seven_segment_chaser.srcs/utils_1/imports/synth_1/seven_segment_chaser.dcp
INFO: [Vivado 12-5825] Read reference checkpoint from C:/Users/tyler/Documents/Basys-3-Projects/seven_segment_chaser/seven_segment_chaser.srcs/utils_1/imports/synth_1/seven_segment_chaser.dcp for incremental synthesis
INFO: [Vivado 12-7989] Please ensure there are no constraint changes
Command: synth_design -top seven_segment_chaser -part xc7a35tcpg236-1
Starting synth_design
Attempting to get a license for feature 'Synthesis' and/or device 'xc7a35t'
INFO: [Common 17-349] Got license for feature 'Synthesis' and/or device 'xc7a35t'
INFO: [Device 21-403] Loading part xc7a35tcpg236-1
INFO: [Designutils 20-5440] No compile time benefit to using incremental synthesis; A full resynthesis will be run
INFO: [Designutils 20-4379] Flow is switching to default flow due to incremental criteria not met. If you would like to alter this behaviour and have the flow terminate instead, please set the following parameter config_implementation {autoIncr.Synth.RejectBehavior Terminate}
INFO: [Synth 8-7079] Multithreading enabled for synth_design using a maximum of 2 processes.
INFO: [Synth 8-7078] Launching helper process for spawning children vivado processes
INFO: [Synth 8-7075] Helper process launched with PID 22160
---------------------------------------------------------------------------------
Starting RTL Elaboration : Time (s): cpu = 00:00:04 ; elapsed = 00:00:11 . Memory (MB): peak = 1320.387 ; gain = 439.777
---------------------------------------------------------------------------------
INFO: [Synth 8-6157] synthesizing module 'seven_segment_chaser' [C:/Users/tyler/Documents/Basys-3-Projects/seven_segment_chaser/seven_segment_chaser.srcs/sources_1/new/seven_segment_chaser.sv:24]
INFO: [Synth 8-6155] done synthesizing module 'seven_segment_chaser' (0#1) [C:/Users/tyler/Documents/Basys-3-Projects/seven_segment_chaser/seven_segment_chaser.srcs/sources_1/new/seven_segment_chaser.sv:24]
WARNING: [Synth 8-3330] design seven_segment_chaser has an empty top module
WARNING: [Synth 8-3917] design seven_segment_chaser has port segment[7] driven by constant 1
WARNING: [Synth 8-3917] design seven_segment_chaser has port segment[6] driven by constant 1
WARNING: [Synth 8-3917] design seven_segment_chaser has port segment[5] driven by constant 1
WARNING: [Synth 8-3917] design seven_segment_chaser has port segment[4] driven by constant 1
WARNING: [Synth 8-3917] design seven_segment_chaser has port segment[3] driven by constant 1
WARNING: [Synth 8-3917] design seven_segment_chaser has port segment[2] driven by constant 1
WARNING: [Synth 8-3917] design seven_segment_chaser has port segment[1] driven by constant 1
WARNING: [Synth 8-3917] design seven_segment_chaser has port segment[0] driven by constant 1
WARNING: [Synth 8-3917] design seven_segment_chaser has port anode[3] driven by constant 1
WARNING: [Synth 8-3917] design seven_segment_chaser has port anode[2] driven by constant 1
WARNING: [Synth 8-3917] design seven_segment_chaser has port anode[1] driven by constant 0
WARNING: [Synth 8-3917] design seven_segment_chaser has port anode[0] driven by constant 0
WARNING: [Synth 8-7129] Port btnc in module seven_segment_chaser is either unconnected or has no load
WARNING: [Synth 8-7129] Port btnu in module seven_segment_chaser is either unconnected or has no load
WARNING: [Synth 8-7129] Port btnl in module seven_segment_chaser is either unconnected or has no load
WARNING: [Synth 8-7129] Port btnr in module seven_segment_chaser is either unconnected or has no load
WARNING: [Synth 8-7129] Port btnd in module seven_segment_chaser is either unconnected or has no load
---------------------------------------------------------------------------------
Finished RTL Elaboration : Time (s): cpu = 00:00:04 ; elapsed = 00:00:15 . Memory (MB): peak = 1427.332 ; gain = 546.723
---------------------------------------------------------------------------------
---------------------------------------------------------------------------------
Start Handling Custom Attributes
---------------------------------------------------------------------------------
---------------------------------------------------------------------------------
Finished Handling Custom Attributes : Time (s): cpu = 00:00:04 ; elapsed = 00:00:15 . Memory (MB): peak = 1427.332 ; gain = 546.723
---------------------------------------------------------------------------------
---------------------------------------------------------------------------------
Finished RTL Optimization Phase 1 : Time (s): cpu = 00:00:04 ; elapsed = 00:00:15 . Memory (MB): peak = 1427.332 ; gain = 546.723
---------------------------------------------------------------------------------
Netlist sorting complete. Time (s): cpu = 00:00:00 ; elapsed = 00:00:00 . Memory (MB): peak = 1427.332 ; gain = 0.000
INFO: [Project 1-570] Preparing netlist for logic optimization

Processing XDC Constraints
Initializing timing engine
Parsing XDC File [C:/Users/tyler/Documents/Basys-3-Projects/seven_segment_chaser/seven_segment_chaser.srcs/constrs_1/new/seven_segments_chaser_constraints.xdc]
Finished Parsing XDC File [C:/Users/tyler/Documents/Basys-3-Projects/seven_segment_chaser/seven_segment_chaser.srcs/constrs_1/new/seven_segments_chaser_constraints.xdc]
INFO: [Project 1-236] Implementation specific constraints were found while reading constraint file [C:/Users/tyler/Documents/Basys-3-Projects/seven_segment_chaser/seven_segment_chaser.srcs/constrs_1/new/seven_segments_chaser_constraints.xdc]. These constraints will be ignored for synthesis but will be used in implementation. Impacted constraints are listed in the file [.Xil/seven_segment_chaser_propImpl.xdc].
Resolution: To avoid this warning, move constraints listed in [.Xil/seven_segment_chaser_propImpl.xdc] to another XDC file and exclude this new file from synthesis with the used_in_synthesis property (File Properties dialog in GUI) and re-run elaboration/synthesis.
Completed Processing XDC Constraints

Netlist sorting complete. Time (s): cpu = 00:00:00 ; elapsed = 00:00:00 . Memory (MB): peak = 1433.664 ; gain = 0.000
INFO: [Project 1-111] Unisim Transformation Summary:
No Unisim elements were transformed.

The system cannot find the path specified.
Constraint Validation Runtime : Time (s): cpu = 00:00:00 ; elapsed = 00:00:00.004 . Memory (MB): peak = 1433.664 ; gain = 0.000
INFO: [Designutils 20-5440] No compile time benefit to using incremental synthesis; A full resynthesis will be run
INFO: [Designutils 20-4379] Flow is switching to default flow due to incremental criteria not met. If you would like to alter this behaviour and have the flow terminate instead, please set the following parameter config_implementation {autoIncr.Synth.RejectBehavior Terminate}
---------------------------------------------------------------------------------
Finished Constraint Validation : Time (s): cpu = 00:00:10 ; elapsed = 00:00:30 . Memory (MB): peak = 1433.664 ; gain = 553.055
---------------------------------------------------------------------------------
---------------------------------------------------------------------------------
Start Loading Part and Timing Information
---------------------------------------------------------------------------------
Loading part: xc7a35tcpg236-1
---------------------------------------------------------------------------------
Finished Loading Part and Timing Information : Time (s): cpu = 00:00:10 ; elapsed = 00:00:30 . Memory (MB): peak = 1433.664 ; gain = 553.055
---------------------------------------------------------------------------------
---------------------------------------------------------------------------------
Start Applying 'set_property' XDC Constraints
---------------------------------------------------------------------------------
---------------------------------------------------------------------------------
Finished applying 'set_property' XDC Constraints : Time (s): cpu = 00:00:10 ; elapsed = 00:00:30 . Memory (MB): peak = 1433.664 ; gain = 553.055
---------------------------------------------------------------------------------
---------------------------------------------------------------------------------
Finished RTL Optimization Phase 2 : Time (s): cpu = 00:00:10 ; elapsed = 00:00:30 . Memory (MB): peak = 1433.664 ; gain = 553.055
---------------------------------------------------------------------------------
---------------------------------------------------------------------------------
Start RTL Component Statistics 
---------------------------------------------------------------------------------
Detailed RTL Component Info : 
---------------------------------------------------------------------------------
Finished RTL Component Statistics 
---------------------------------------------------------------------------------
---------------------------------------------------------------------------------
Start Part Resource Summary
---------------------------------------------------------------------------------
Part Resources:
DSPs: 90 (col length:60)
BRAMs: 100 (col length: RAMB18 60 RAMB36 30)
---------------------------------------------------------------------------------
Finished Part Resource Summary
---------------------------------------------------------------------------------
---------------------------------------------------------------------------------
Start Cross Boundary and Area Optimization
---------------------------------------------------------------------------------
WARNING: [Synth 8-7080] Parallel synthesis criteria is not met
WARNING: [Synth 8-3330] design seven_segment_chaser has an empty top module
WARNING: [Synth 8-3917] design seven_segment_chaser has port segment[7] driven by constant 1
WARNING: [Synth 8-3917] design seven_segment_chaser has port segment[6] driven by constant 1
WARNING: [Synth 8-3917] design seven_segment_chaser has port segment[5] driven by constant 1
WARNING: [Synth 8-3917] design seven_segment_chaser has port segment[4] driven by constant 1
WARNING: [Synth 8-3917] design seven_segment_chaser has port segment[3] driven by constant 1
WARNING: [Synth 8-3917] design seven_segment_chaser has port segment[2] driven by constant 1
WARNING: [Synth 8-3917] design seven_segment_chaser has port segment[1] driven by constant 1
WARNING: [Synth 8-3917] design seven_segment_chaser has port segment[0] driven by constant 1
WARNING: [Synth 8-3917] design seven_segment_chaser has port anode[3] driven by constant 1
WARNING: [Synth 8-3917] design seven_segment_chaser has port anode[2] driven by constant 1
WARNING: [Synth 8-3917] design seven_segment_chaser has port anode[1] driven by constant 0
WARNING: [Synth 8-3917] design seven_segment_chaser has port anode[0] driven by constant 0
WARNING: [Synth 8-7129] Port btnc in module seven_segment_chaser is either unconnected or has no load
WARNING: [Synth 8-7129] Port btnu in module seven_segment_chaser is either unconnected or has no load
WARNING: [Synth 8-7129] Port btnl in module seven_segment_chaser is either unconnected or has no load
WARNING: [Synth 8-7129] Port btnr in module seven_segment_chaser is either unconnected or has no load
WARNING: [Synth 8-7129] Port btnd in module seven_segment_chaser is either unconnected or has no load
---------------------------------------------------------------------------------
Finished Cross Boundary and Area Optimization : Time (s): cpu = 00:00:11 ; elapsed = 00:00:33 . Memory (MB): peak = 1433.664 ; gain = 553.055
---------------------------------------------------------------------------------
---------------------------------------------------------------------------------
Start Applying XDC Timing Constraints
---------------------------------------------------------------------------------
---------------------------------------------------------------------------------
Finished Applying XDC Timing Constraints : Time (s): cpu = 00:00:16 ; elapsed = 00:00:42 . Memory (MB): peak = 1433.664 ; gain = 553.055
---------------------------------------------------------------------------------
---------------------------------------------------------------------------------
Start Timing Optimization
---------------------------------------------------------------------------------
---------------------------------------------------------------------------------
Finished Timing Optimization : Time (s): cpu = 00:00:16 ; elapsed = 00:00:42 . Memory (MB): peak = 1433.664 ; gain = 553.055
---------------------------------------------------------------------------------
---------------------------------------------------------------------------------
Start Technology Mapping
---------------------------------------------------------------------------------
---------------------------------------------------------------------------------
Finished Technology Mapping : Time (s): cpu = 00:00:16 ; elapsed = 00:00:42 . Memory (MB): peak = 1433.664 ; gain = 553.055
---------------------------------------------------------------------------------
---------------------------------------------------------------------------------
Start IO Insertion
---------------------------------------------------------------------------------
---------------------------------------------------------------------------------
Start Flattening Before IO Insertion
---------------------------------------------------------------------------------
---------------------------------------------------------------------------------
Finished Flattening Before IO Insertion
---------------------------------------------------------------------------------
---------------------------------------------------------------------------------
Start Final Netlist Cleanup
---------------------------------------------------------------------------------
---------------------------------------------------------------------------------
Finished Final Netlist Cleanup
---------------------------------------------------------------------------------
---------------------------------------------------------------------------------
Finished IO Insertion : Time (s): cpu = 00:00:21 ; elapsed = 00:00:49 . Memory (MB): peak = 1433.664 ; gain = 553.055
---------------------------------------------------------------------------------
---------------------------------------------------------------------------------
Start Renaming Generated Instances
---------------------------------------------------------------------------------
---------------------------------------------------------------------------------
Finished Renaming Generated Instances : Time (s): cpu = 00:00:21 ; elapsed = 00:00:49 . Memory (MB): peak = 1433.664 ; gain = 553.055
---------------------------------------------------------------------------------
---------------------------------------------------------------------------------
Start Rebuilding User Hierarchy
---------------------------------------------------------------------------------
---------------------------------------------------------------------------------
Finished Rebuilding User Hierarchy : Time (s): cpu = 00:00:21 ; elapsed = 00:00:49 . Memory (MB): peak = 1433.664 ; gain = 553.055
---------------------------------------------------------------------------------
---------------------------------------------------------------------------------
Start Renaming Generated Ports
---------------------------------------------------------------------------------
---------------------------------------------------------------------------------
Finished Renaming Generated Ports : Time (s): cpu = 00:00:21 ; elapsed = 00:00:49 . Memory (MB): peak = 1433.664 ; gain = 553.055
---------------------------------------------------------------------------------
---------------------------------------------------------------------------------
Start Handling Custom Attributes
---------------------------------------------------------------------------------
---------------------------------------------------------------------------------
Finished Handling Custom Attributes : Time (s): cpu = 00:00:21 ; elapsed = 00:00:49 . Memory (MB): peak = 1433.664 ; gain = 553.055
---------------------------------------------------------------------------------
---------------------------------------------------------------------------------
Start Renaming Generated Nets
---------------------------------------------------------------------------------
---------------------------------------------------------------------------------
Finished Renaming Generated Nets : Time (s): cpu = 00:00:21 ; elapsed = 00:00:49 . Memory (MB): peak = 1433.664 ; gain = 553.055
---------------------------------------------------------------------------------
---------------------------------------------------------------------------------
Start Writing Synthesis Report
---------------------------------------------------------------------------------

Report BlackBoxes: 
+-+--------------+----------+
| |BlackBox name |Instances |
+-+--------------+----------+
+-+--------------+----------+

Report Cell Usage: 
+------+-----+------+
|      |Cell |Count |
+------+-----+------+
|1     |OBUF |    12|
+------+-----+------+
---------------------------------------------------------------------------------
Finished Writing Synthesis Report : Time (s): cpu = 00:00:21 ; elapsed = 00:00:49 . Memory (MB): peak = 1433.664 ; gain = 553.055
---------------------------------------------------------------------------------
Synthesis finished with 0 errors, 0 critical warnings and 19 warnings.
Synthesis Optimization Runtime : Time (s): cpu = 00:00:15 ; elapsed = 00:00:46 . Memory (MB): peak = 1433.664 ; gain = 546.723
Synthesis Optimization Complete : Time (s): cpu = 00:00:21 ; elapsed = 00:00:50 . Memory (MB): peak = 1433.664 ; gain = 553.055
INFO: [Project 1-571] Translating synthesized netlist
Netlist sorting complete. Time (s): cpu = 00:00:00 ; elapsed = 00:00:00 . Memory (MB): peak = 1439.637 ; gain = 0.000
INFO: [Project 1-570] Preparing netlist for logic optimization
INFO: [Opt 31-138] Pushed 0 inverter(s) to 0 load pin(s).
Netlist sorting complete. Time (s): cpu = 00:00:00 ; elapsed = 00:00:00 . Memory (MB): peak = 1447.262 ; gain = 0.000
INFO: [Project 1-111] Unisim Transformation Summary:
No Unisim elements were transformed.

The system cannot find the path specified.
Synth Design complete | Checksum: aba576bc
INFO: [Common 17-83] Releasing license: Synthesis
21 Infos, 37 Warnings, 0 Critical Warnings and 0 Errors encountered.
synth_design completed successfully
synth_design: Time (s): cpu = 00:00:24 ; elapsed = 00:00:59 . Memory (MB): peak = 1447.262 ; gain = 958.695
Write ShapeDB Complete: Time (s): cpu = 00:00:00 ; elapsed = 00:00:00.002 . Memory (MB): peak = 1447.262 ; gain = 0.000
INFO: [Common 17-1381] The checkpoint 'C:/Users/tyler/Documents/Basys-3-Projects/seven_segment_chaser/seven_segment_chaser.runs/synth_1/seven_segment_chaser.dcp' has been generated.
INFO: [runtcl-4] Executing : report_utilization -file seven_segment_chaser_utilization_synth.rpt -pb seven_segment_chaser_utilization_synth.pb
INFO: [Common 17-206] Exiting Vivado at Mon Feb 12 22:52:51 2024...
